%
%     an elastic plastic beam with seven nodes
%     ----------------------------------------
%
%     * GENERAL DATA
%          NUMBER OF NODES              7
%          NUMBER OF ELEMENTS           6
%          MOD OF ELASTICITY       29000.0
%          YIELD STRESS               24.0
%          STATIC INDETERMINACY         1   (mechanism forms after 2 hinges)
%          DISPLACEMENT LIMIT        30.00   (0.10 × max frame dimension)
%
%
%     * DATA FOR NODES
%           NODE   X-COORD   Y-COORD    RX-TYPE  RY-TYPE  RZ-TYPE
%
%             1        0.00      0.00        BI       BI       BI
%             2       50.00      0.00      FREE     FREE     FREE
%             3      100.00      0.00      FREE      POS     FREE
%             4      150.00      0.00      FREE     FREE     FREE
%             5      200.00      0.00      FREE      POS     FREE
%             6      250.00      0.00      FREE     FREE     FREE
%             7      300.00      0.00      FREE       BI     FREE
%
%     * DATA FOR ELEMENTS
%         ELEMENT    N1      N2       IXX      AREA         Z        MP        PY
%
%             1        1       2    393.00     14.60     71.90   1725.60    350.40
%             2        2       3    393.00     14.60     71.90   1725.60    350.40
%             3        3       4    393.00     14.60     71.90   1725.60    350.40
%             4        4       5    393.00     14.60     71.90   1725.60    350.40
%             5        5       6    393.00     14.60     71.90   1725.60    350.40
%             6        6       7    393.00     14.60     71.90   1725.60    350.40
%
%     * DATA FOR LOADS
%           NODE        PX        PY        PZ
%             4        0.00    -10.00      0.00
%             6        0.00     15.00      0.00
%
%
%
%     * PLASTIC HINGE   1 FORMED IN ELEMENT   6 NEAR NODE   6 WHEN LOAD FACTOR IS        3.983
%
%     ACTIVE SUPPORT STATUS:
%       NODE   3: Y=POS:ACTIVE
%       NODE   5: Y=POS:LIFT-OFF
%
%          CUMULATIVE DEFORMATIONS
%                NODE    X-DISP       Y-DISP       ROTN
%                  1      0.00000      0.00000      0.00000
%                  2      0.00000     -0.00186     -0.00004
%                  3      0.00000      0.00000      0.00015
%                  4      0.00000      0.04158      0.00205
%                  5      0.00000      0.18533      0.00278
%                  6      0.00000      0.22732     -0.00202
%                  7      0.00000      0.00000     -0.00581
%
%          CUMULATIVE MOMENTS
%             ELEMENT       END MOMENTS             NODES     PLASTIC MOM   ULTIMATE MOM      P / Py
%                  1         33.95      16.97      1 AND  2       1725.60       1725.60     0.0000
%                  2        -16.97      67.89      2 AND  3       1725.60       1725.60     0.0000
%                  3        -67.89     797.74      3 AND  4       1725.60       1725.60     0.0000
%                  4       -797.74    -463.93      4 AND  5       1725.60       1725.60     0.0000
%                  5        463.93   -1725.60      5 AND  6       1725.60       1725.60     0.0000
%                  6       1725.60      -0.00      6 AND  7       1725.60       1725.60     0.0000
%
%          CUMULATIVE TENSION FORCES
%             ELEMENT     TENSION
%                  1           0.00
%                  2           0.00
%                  3           0.00
%                  4           0.00
%                  5           0.00
%                  6           0.00
%
%          REACTIONS AT SUPPORTS
%                NODE       FX           FY           MZ         STATUS
%                  1        -0.00         1.02       -33.95    ACTIVE
%                  3        -0.00        13.58        -0.00    ACTIVE
%                  5        -0.00         0.00         0.00    LIFT-OFF:Y
%                  7        -0.00       -34.51         0.00    ACTIVE
%     *** WARNING: HINGE COUNT (2) EXCEEDS DEGREE OF STATIC INDETERMINACY (1) — KINEMATIC MECHANISM LIKELY
%
%
%
%     * PLASTIC HINGE   2 FORMED IN ELEMENT   4 NEAR NODE   4 WHEN LOAD FACTOR IS        4.602
%
%     ACTIVE SUPPORT STATUS:
%       NODE   3: Y=POS:LIFT-OFF
%       NODE   5: Y=POS:LIFT-OFF
%
%          CUMULATIVE DEFORMATIONS
%                NODE    X-DISP       Y-DISP       ROTN
%                  1      0.00000      0.00000      0.00000
%                  2      0.00000      0.14513      0.00573
%                  3      0.00000      0.56537      0.01100
%                  4      0.00000      1.26277      0.01731
%                  5      0.00000      2.25458      0.02110
%                  6      0.00000      3.24638      0.01731
%                  7      0.00000      0.00000     -0.06619
%
%          CUMULATIVE MOMENTS
%             ELEMENT       END MOMENTS             NODES     PLASTIC MOM   ULTIMATE MOM      P / Py
%                  1      -1357.85    1254.12      1 AND  2       1725.60       1725.60     0.0000
%                  2      -1254.12    1150.40      2 AND  3       1725.60       1725.60     0.0000
%                  3      -1150.40    1725.60      3 AND  4       1725.60       1725.60     0.0000
%                  4      -1725.60      -0.00      4 AND  5       1725.60       1725.60     0.0000
%                  5          0.00   -1725.60      5 AND  6       1725.60       1725.60     0.0000
%                  6       1725.60       0.00      6 AND  7       1725.60       1725.60     0.0000
%
%          CUMULATIVE TENSION FORCES
%             ELEMENT     TENSION
%                  1           0.00
%                  2           0.00
%                  3           0.00
%                  4           0.00
%                  5           0.00
%                  6           0.00
%
%          REACTIONS AT SUPPORTS
%                NODE       FX           FY           MZ         STATUS
%                  1        -0.00        -2.07      1357.85    ACTIVE
%                  3        -0.00        13.58         0.00    LIFT-OFF:Y
%                  5        -0.00         0.00         0.00    LIFT-OFF:Y
%                  7        -0.00       -34.51        -0.00    ACTIVE
%
%     *** COLLAPSE MECHANISM DETECTED IN CYCLE 3: STIFFNESS MATRIX IS SINGULAR
%
%
%     ANALYSIS COMPLETED: an elastic plastic beam with seven nodes AT LOAD FACTOR 4.602

