%
%     ELASTIC PLASTIC ANALYSIS WITH ONE-WAY REACTIONS - FRAME NO 0
%     ---------------------------------------------------------------
%
%     * GENERAL DATA
%          NUMBER OF NODES              4
%          NUMBER OF ELEMENTS           3
%          MOD OF ELASTICITY       29000.0
%
%
%     * DATA FOR NODES
%           NODE   X-COORD   Y-COORD    RX-TYPE  RY-TYPE  RZ-TYPE
%
%             1        0.00      0.00        BI       BI       BI
%             2      100.00      0.00      FREE      POS     FREE
%             3      150.00      0.00      FREE     FREE     FREE
%             4      200.00      0.00      FREE       BI     FREE
%
%     * DATA FOR ELEMENTS
%         ELEMENT    N1      N2       IXX      AREA        MP
%
%             1        1       2    394.00     14.60   3600.00
%             2        2       3    394.00     14.60   3600.00
%             3        3       4    394.00     14.60   3600.00
%
%     * DATA FOR LOADS
%           NODE        PX        PY        PZ
%             3        0.00     10.00      0.00
%
%
%
%     * PLASTIC HINGE   1 FORMED IN ELEMENT   2 NEAR NODE   3 WHEN LOAD FACTOR IS       11.378
%
%     ACTIVE SUPPORT STATUS:
%       NODE   2: Y=POS:LIFT-OFF
%
%          CUMULATIVE DEFORMATIONS
%                NODE    X-DISP       Y-DISP       ROTN
%                  1      0.00000      0.00000      0.00000
%                  2      0.00000      0.55753     -0.00506
%                  3      0.00000      0.56888      0.00613
%                  4      0.00000      0.00000      0.01400
%
%          CUMULATIVE MOMENTS
%             ELEMENT       END MOMENTS             NODES     PLASTIC MOM
%                  1       2666.67    1511.11      1 AND 2       3600.00
%                  2      -1511.11    3600.00      2 AND 3       3600.00
%                  3      -3600.00       0.00      3 AND 4       3600.00
%
%          CUMULATIVE TENSION FORCES
%             ELEMENT     TENSION
%                  1           0.00
%                  2           0.00
%                  3           0.00
%
%          REACTIONS AT SUPPORTS
%                NODE       FX           FY           MZ         STATUS
%                  1        -0.00       -41.78     -2666.67    ACTIVE
%                  2        -0.00         0.00         0.00    LIFT-OFF:Y
%                  4        -0.00       -72.00        -0.00    ACTIVE
%
%
%
%     * PLASTIC HINGE   2 FORMED IN ELEMENT   1 NEAR NODE   1 WHEN LOAD FACTOR IS       12.000
%
%     ACTIVE SUPPORT STATUS:
%       NODE   2: Y=POS:LIFT-OFF
%
%          CUMULATIVE DEFORMATIONS
%                NODE    X-DISP       Y-DISP       ROTN
%                  1      0.00000      0.00000      0.00000
%                  2      0.00000      0.87520     -0.01050
%                  3      0.00000      1.18152      0.01838
%                  4      0.00000      0.00000      0.02626
%
%          CUMULATIVE MOMENTS
%             ELEMENT       END MOMENTS             NODES     PLASTIC MOM
%                  1       3600.00    1200.00      1 AND 2       3600.00
%                  2      -1200.00    3600.00      2 AND 3       3600.00
%                  3      -3600.00       0.00      3 AND 4       3600.00
%
%          CUMULATIVE TENSION FORCES
%             ELEMENT     TENSION
%                  1           0.00
%                  2           0.00
%                  3           0.00
%
%          REACTIONS AT SUPPORTS
%                NODE       FX           FY           MZ         STATUS
%                  1        -0.00       -48.00     -3600.00    ACTIVE
%                  2        -0.00         0.00         0.00    LIFT-OFF:Y
%                  4        -0.00       -72.00        -0.00    ACTIVE
%
%     *** COLLAPSE MECHANISM DETECTED IN CYCLE 3: STIFFNESS MATRIX IS SINGULAR
%
%
%     ANALYSIS COMPLETED FOR FRAME NO   0 AT LOAD FACTOR 12.000

