%
%     analytical solution for one-way support behavior
%     ------------------------------------------------
%
%     * GENERAL DATA
%          NUMBER OF NODES              4
%          NUMBER OF ELEMENTS           3
%          MOD OF ELASTICITY       29000.0
%          YIELD STRESS               24.0
%          STATIC INDETERMINACY         1   (mechanism forms after 2 hinges)
%          DISPLACEMENT LIMIT        20.00   (0.10 × max frame dimension)
%
%
%     * DATA FOR NODES
%           NODE   X-COORD   Y-COORD    RX-TYPE  RY-TYPE  RZ-TYPE
%
%             1        0.00      0.00        BI       BI       BI
%             2      100.00      0.00      FREE      POS     FREE
%             3      150.00      0.00      FREE     FREE     FREE
%             4      200.00      0.00      FREE       BI     FREE
%
%     * DATA FOR ELEMENTS
%         ELEMENT    N1      N2       IXX      AREA         Z        MP        PY
%
%             1        1       2    393.00     14.60     71.90   1725.60    350.40
%             2        2       3    393.00     14.60     71.90   1725.60    350.40
%             3        3       4    393.00     14.60     71.90   1725.60    350.40
%
%     * DATA FOR LOADS
%           NODE        PX        PY        PZ
%             3        0.00     10.00      0.00
%
%
%
%     * PLASTIC HINGE   1 FORMED IN ELEMENT   3 NEAR NODE   3 WHEN LOAD FACTOR IS        5.454
%
%     ACTIVE SUPPORT STATUS:
%       NODE   2: Y=POS:LIFT-OFF
%
%          CUMULATIVE DEFORMATIONS
%                NODE    X-DISP       Y-DISP       ROTN
%                  1      0.00000      0.00000      0.00000
%                  2      0.00000      0.26792      0.00243
%                  3      0.00000      0.27338     -0.00294
%                  4      0.00000      0.00000     -0.00673
%
%          CUMULATIVE MOMENTS
%             ELEMENT       END MOMENTS             NODES     PLASTIC MOM   ULTIMATE MOM      P / Py
%                  1      -1278.22    -724.33      1 AND  2       1725.60       1725.60     0.0000
%                  2        724.33   -1725.60      2 AND  3       1725.60       1725.60     0.0000
%                  3       1725.60       0.00      3 AND  4       1725.60       1725.60     0.0000
%
%          CUMULATIVE TENSION FORCES
%             ELEMENT     TENSION
%                  1           0.00
%                  2           0.00
%                  3           0.00
%
%          REACTIONS AT SUPPORTS
%                NODE       FX           FY           MZ         STATUS
%                  1        -0.00       -20.03      1278.22    ACTIVE
%                  2        -0.00         0.00         0.00    LIFT-OFF:Y
%                  4        -0.00       -34.51        -0.00    ACTIVE
%     *** WARNING: HINGE COUNT (2) EXCEEDS DEGREE OF STATIC INDETERMINACY (1) — KINEMATIC MECHANISM LIKELY
%
%
%
%     * PLASTIC HINGE   2 FORMED IN ELEMENT   1 NEAR NODE   1 WHEN LOAD FACTOR IS        5.752
%
%     ACTIVE SUPPORT STATUS:
%       NODE   2: Y=POS:LIFT-OFF
%
%          CUMULATIVE DEFORMATIONS
%                NODE    X-DISP       Y-DISP       ROTN
%                  1      0.00000      0.00000      0.00000
%                  2      0.00000      0.42058      0.00505
%                  3      0.00000      0.56778     -0.00000
%                  4      0.00000      0.00000     -0.01262
%
%          CUMULATIVE MOMENTS
%             ELEMENT       END MOMENTS             NODES     PLASTIC MOM   ULTIMATE MOM      P / Py
%                  1      -1725.60    -575.20      1 AND  2       1725.60       1725.60     0.0000
%                  2        575.20   -1725.60      2 AND  3       1725.60       1725.60     0.0000
%                  3       1725.60       0.00      3 AND  4       1725.60       1725.60     0.0000
%
%          CUMULATIVE TENSION FORCES
%             ELEMENT     TENSION
%                  1           0.00
%                  2           0.00
%                  3           0.00
%
%          REACTIONS AT SUPPORTS
%                NODE       FX           FY           MZ         STATUS
%                  1        -0.00       -23.01      1725.60    ACTIVE
%                  2        -0.00         0.00        -0.00    LIFT-OFF:Y
%                  4        -0.00       -34.51        -0.00    ACTIVE
%
%     *** COLLAPSE MECHANISM DETECTED IN CYCLE 3: STIFFNESS MATRIX IS SINGULAR
%
%
%     ANALYSIS COMPLETED: analytical solution for one-way support behavior AT LOAD FACTOR 5.752

