%
%     A 7-element portal frame with lateral and gravity loads
%     -------------------------------------------------------
%
%     * GENERAL DATA
%          NUMBER OF NODES              8
%          NUMBER OF ELEMENTS           7
%          MOD OF ELASTICITY       29000.0
%          YIELD STRESS               24.0
%          STATIC INDETERMINACY         3   (mechanism forms after 4 hinges)
%          DISPLACEMENT LIMIT        52.80   (0.10 × max frame dimension)
%
%
%     * DATA FOR NODES
%           NODE   X-COORD   Y-COORD    RX-TYPE  RY-TYPE  RZ-TYPE
%
%             1        0.00      0.00        BI       BI       BI
%             2        0.00    168.00      FREE     FREE     FREE
%             3      120.00    252.00      FREE     FREE     FREE
%             4      216.00    252.00      FREE     FREE     FREE
%             5      312.00    252.00      FREE     FREE     FREE
%             6      408.00    252.00      FREE     FREE     FREE
%             7      528.00    168.00      FREE     FREE     FREE
%             8      528.00      0.00        BI       BI       BI
%
%     * DATA FOR ELEMENTS
%         ELEMENT    N1      N2       IXX      AREA         Z        MP        PY
%
%             1        1       2    722.00     20.00    115.00   2760.00    480.00
%             2        2       3    722.00     20.00    115.00   2760.00    480.00
%             3        3       4    722.00     20.00    115.00   2760.00    480.00
%             4        4       5    722.00     20.00    115.00   2760.00    480.00
%             5        5       6    722.00     20.00    115.00   2760.00    480.00
%             6        6       7    722.00     20.00    115.00   2760.00    480.00
%             7        7       8    722.00     20.00    115.00   2760.00    480.00
%
%     * DATA FOR LOADS
%           NODE        PX        PY        PZ
%             2        0.50      0.00      0.00
%             3        0.25     -1.00      0.00
%             4        0.00     -1.00      0.00
%             5        0.00     -1.00      0.00
%             6        0.00     -1.00      0.00
%
%
%
%     * PLASTIC HINGE   1 FORMED IN ELEMENT   7 NEAR NODE   8 WHEN LOAD FACTOR IS       18.001
%
%     ACTIVE SUPPORT STATUS:
%
%          CUMULATIVE DEFORMATIONS
%                NODE    X-DISP       Y-DISP       ROTN
%                  1      0.00000      0.00000      0.00000
%                  2     -0.11980     -0.00987     -0.00234
%                  3      0.37806     -0.73899     -0.00747
%                  4      0.37306     -1.29284     -0.00289
%                  5      0.36805     -1.19366      0.00481
%                  6      0.36305     -0.52298      0.00770
%                  7      0.70710     -0.01099     -0.00162
%                  8      0.00000      0.00000      0.00000
%
%          CUMULATIVE MOMENTS
%             ELEMENT       END MOMENTS             NODES     PLASTIC MOM   ULTIMATE MOM      P / Py
%                  1      -1115.35   -1697.47      1 AND  2       2760.00       2746.09    -0.0710
%                  2       1697.47     228.78      2 AND  3       2760.00       2740.23    -0.0846
%                  3       -228.78    1771.64      3 AND  4       2760.00       2749.04    -0.0630
%                  4      -1771.64    1586.42      4 AND  5       2760.00       2749.04    -0.0630
%                  5      -1586.42    -326.89      5 AND  6       2760.00       2749.04    -0.0630
%                  6        326.89   -2338.17      6 AND  7       2760.00       2734.07    -0.0969
%                  7       2338.17    2742.76      7 AND  8       2760.00       2742.76    -0.0790
%
%          CUMULATIVE TENSION FORCES
%             ELEMENT     TENSION
%                  1         -34.07
%                  2         -40.63
%                  3         -30.24
%                  4         -30.24
%                  5         -30.24
%                  6         -46.53
%                  7         -37.93
%
%          REACTIONS AT SUPPORTS
%                NODE       FX           FY           MZ         STATUS
%                  1        16.74        34.07      1115.35    ACTIVE
%                  8       -30.24        37.93     -2742.76    ACTIVE
%
%
%
%     * PLASTIC HINGE   2 FORMED IN ELEMENT   6 NEAR NODE   7 WHEN LOAD FACTOR IS       20.007
%
%     ACTIVE SUPPORT STATUS:
%
%          CUMULATIVE DEFORMATIONS
%                NODE    X-DISP       Y-DISP       ROTN
%                  1      0.00000      0.00000      0.00000
%                  2     -0.05658     -0.01089     -0.00325
%                  3      0.54091     -0.88386     -0.00861
%                  4      0.53553     -1.51132     -0.00317
%                  5      0.53015     -1.38502      0.00562
%                  6      0.52477     -0.60776      0.00892
%                  7      0.92589     -0.01229     -0.00188
%                  8      0.00000      0.00000      0.00000
%
%          CUMULATIVE MOMENTS
%             ELEMENT       END MOMENTS             NODES     PLASTIC MOM   ULTIMATE MOM      P / Py
%                  1      -1062.75   -1873.65      1 AND  2       2760.00       2743.07    -0.0783
%                  2       1871.52     339.58      2 AND  3       2760.00       2736.71    -0.0919
%                  3       -341.65    2033.15      3 AND  4       2760.00       2747.34    -0.0677
%                  4      -2033.48    1800.06      4 AND  5       2760.00       2747.34    -0.0677
%                  5      -1799.12    -358.33      5 AND  6       2760.00       2747.34    -0.0677
%                  6        360.69   -2728.89      6 AND  7       2760.00       2728.89    -0.1062
%                  7       2727.79    2742.76      7 AND  8       2760.00       2738.43    -0.0884
%
%          CUMULATIVE TENSION FORCES
%             ELEMENT     TENSION
%                  1         -37.60
%                  2         -44.09
%                  3         -32.50
%                  4         -32.50
%                  5         -32.50
%                  6         -50.96
%                  7         -42.43
%
%          REACTIONS AT SUPPORTS
%                NODE       FX           FY           MZ         STATUS
%                  1        17.48        37.60      1062.75    ACTIVE
%                  8       -32.56        42.43     -2742.76    ACTIVE
%
%
%
%     * PLASTIC HINGE   3 FORMED IN ELEMENT   4 NEAR NODE   4 WHEN LOAD FACTOR IS       22.344
%
%     ACTIVE SUPPORT STATUS:
%
%          CUMULATIVE DEFORMATIONS
%                NODE    X-DISP       Y-DISP       ROTN
%                  1      0.00000      0.00000      0.00000
%                  2      0.38854     -0.01242     -0.00800
%                  3      1.41823     -1.50375     -0.01326
%                  4      1.41294     -2.46442     -0.00524
%                  5      1.40766     -2.37494      0.00697
%                  6      1.40237     -1.31099      0.01341
%                  7      2.29435     -0.01346     -0.01008
%                  8      0.00000      0.00000      0.00000
%
%          CUMULATIVE MOMENTS
%             ELEMENT       END MOMENTS             NODES     PLASTIC MOM   ULTIMATE MOM      P / Py
%                  1       -265.14   -2259.73      1 AND  2       2760.00       2737.96    -0.0894
%                  2       2245.51     743.08      2 AND  3       2760.00       2734.44    -0.0962
%                  3       -754.26    2744.87      3 AND  4       2760.00       2747.78    -0.0665
%                  4      -2747.78    2575.71      4 AND  5       2760.00       2747.78    -0.0665
%                  5      -2573.09     238.02      5 AND  6       2760.00       2747.78    -0.0665
%                  6       -222.13   -2728.89      6 AND  7       2760.00       2726.57    -0.1101
%                  7       2709.29    2742.76      7 AND  8       2760.00       2734.11    -0.0968
%
%          CUMULATIVE TENSION FORCES
%             ELEMENT     TENSION
%                  1         -42.89
%                  2         -46.19
%                  3         -31.94
%                  4         -31.94
%                  5         -31.94
%                  6         -52.83
%                  7         -46.49
%
%          REACTIONS AT SUPPORTS
%                NODE       FX           FY           MZ         STATUS
%                  1        15.03        42.89       265.14    ACTIVE
%                  8       -32.45        46.49     -2742.76    ACTIVE
%     *** WARNING: HINGE COUNT (4) EXCEEDS DEGREE OF STATIC INDETERMINACY (3) — KINEMATIC MECHANISM LIKELY
%
%
%
%     * PLASTIC HINGE   4 FORMED IN ELEMENT   1 NEAR NODE   2 WHEN LOAD FACTOR IS       22.709
%
%     ACTIVE SUPPORT STATUS:
%
%          CUMULATIVE DEFORMATIONS
%                NODE    X-DISP       Y-DISP       ROTN
%                  1      0.00000      0.00000      0.00000
%                  2      0.78423     -0.01288     -0.01249
%                  3      2.29801     -2.19592     -0.01995
%                  4      2.29281     -3.82165     -0.01229
%                  5      2.28762     -3.34517      0.01110
%                  6      2.28243     -1.86900      0.01789
%                  7      3.56520     -0.01343     -0.01769
%                  8      0.00000      0.00000      0.00000
%
%          CUMULATIVE MOMENTS
%             ELEMENT       END MOMENTS             NODES     PLASTIC MOM   ULTIMATE MOM      P / Py
%                  1        377.18   -2736.32      1 AND  2       2760.00       2736.32    -0.0926
%                  2       2709.65     577.90      2 AND  3       2760.00       2734.05    -0.0970
%                  3       -602.13    2738.48      3 AND  4       2760.00       2748.21    -0.0654
%                  4      -2747.78    2642.72      4 AND  5       2760.00       2748.21    -0.0654
%                  5      -2633.90     326.25      5 AND  6       2760.00       2748.21    -0.0654
%                  6       -297.45   -2728.89      6 AND  7       2760.00       2727.24    -0.1089
%                  7       2690.04    2742.76      7 AND  8       2760.00       2734.24    -0.0966
%
%          CUMULATIVE TENSION FORCES
%             ELEMENT     TENSION
%                  1         -44.46
%                  2         -46.55
%                  3         -31.37
%                  4         -31.37
%                  5         -31.37
%                  6         -52.29
%                  7         -46.37
%
%          REACTIONS AT SUPPORTS
%                NODE       FX           FY           MZ         STATUS
%                  1        14.04        44.46      -377.18    ACTIVE
%                  8       -32.34        46.37     -2742.76    ACTIVE
%     *** WARNING: HINGE COUNT (5) EXCEEDS DEGREE OF STATIC INDETERMINACY (3) — KINEMATIC MECHANISM LIKELY
%
%
%
%     * PLASTIC HINGE   5 FORMED IN ELEMENT   2 NEAR NODE   2 WHEN LOAD FACTOR IS       23.335
%
%     ACTIVE SUPPORT STATUS:
%
%          CUMULATIVE DEFORMATIONS
%                NODE    X-DISP       Y-DISP       ROTN
%                  1      0.00000      0.00000      0.00000
%                  2      0.76931     -0.01326     -0.00271
%                  3      1.46582     -1.02927     -0.01024
%                  4      1.46053     -1.72509     -0.00260
%                  5      1.45523     -1.90616      0.00430
%                  6      1.44994     -1.07641      0.01121
%                  7      2.17729     -0.01378     -0.00938
%                  8      0.00000      0.00000      0.00000
%
%          CUMULATIVE MOMENTS
%             ELEMENT       END MOMENTS             NODES     PLASTIC MOM   ULTIMATE MOM      P / Py
%                  1        343.99   -2736.32      1 AND  2       2760.00       2734.90    -0.0954
%                  2       2732.77     580.38      2 AND  3       2760.00       2732.77    -0.0993
%                  3       -585.54    2746.82      3 AND  4       2760.00       2747.74    -0.0666
%                  4      -2747.78    2672.32      4 AND  5       2760.00       2747.74    -0.0666
%                  5      -2673.36     339.76      5 AND  6       2760.00       2747.74    -0.0666
%                  6       -329.00   -2728.89      6 AND  7       2760.00       2725.73    -0.1114
%                  7       2710.25    2742.76      7 AND  8       2760.00       2732.90    -0.0991
%
%          CUMULATIVE TENSION FORCES
%             ELEMENT     TENSION
%                  1         -45.78
%                  2         -47.68
%                  3         -31.99
%                  4         -31.99
%                  5         -31.99
%                  6         -53.48
%                  7         -47.57
%
%          REACTIONS AT SUPPORTS
%                NODE       FX           FY           MZ         STATUS
%                  1        14.24        45.78      -343.99    ACTIVE
%                  8       -32.46        47.57     -2742.76    ACTIVE
%     *** WARNING: HINGE COUNT (6) EXCEEDS DEGREE OF STATIC INDETERMINACY (3) — KINEMATIC MECHANISM LIKELY
%
%
%
%     * PLASTIC HINGE   6 FORMED IN ELEMENT   7 NEAR NODE   7 WHEN LOAD FACTOR IS       23.942
%
%     ACTIVE SUPPORT STATUS:
%
%          CUMULATIVE DEFORMATIONS
%                NODE    X-DISP       Y-DISP       ROTN
%                  1      0.00000      0.00000      0.00000
%                  2      0.75498     -0.01361     -0.00511
%                  3      0.61375      0.16667     -0.00023
%                  4      0.60834      0.43113      0.00741
%                  5      0.60294     -0.42407     -0.00269
%                  6      0.59754     -0.25879      0.00432
%                  7      0.75194     -0.01413     -0.00084
%                  8      0.00000      0.00000      0.00000
%
%          CUMULATIVE MOMENTS
%             ELEMENT       END MOMENTS             NODES     PLASTIC MOM   ULTIMATE MOM      P / Py
%                  1        312.10   -2736.32      1 AND  2       2760.00       2733.54    -0.0979
%                  2       2732.77     596.16      2 AND  3       2760.00       2731.49    -0.1016
%                  3       -578.34    2755.62      3 AND  4       2760.00       2747.24    -0.0680
%                  4      -2747.78    2698.01      4 AND  5       2760.00       2747.24    -0.0680
%                  5      -2709.37     348.01      5 AND  6       2760.00       2747.24    -0.0680
%                  6       -356.24   -2728.89      6 AND  7       2760.00       2724.15    -0.1140
%                  7       2731.51    2742.76      7 AND  8       2760.00       2731.51    -0.1016
%
%          CUMULATIVE TENSION FORCES
%             ELEMENT     TENSION
%                  1         -47.00
%                  2         -48.79
%                  3         -32.64
%                  4         -32.64
%                  5         -32.64
%                  6         -54.71
%                  7         -48.77
%
%          REACTIONS AT SUPPORTS
%                NODE       FX           FY           MZ         STATUS
%                  1        14.43        47.00      -312.10    ACTIVE
%                  8       -32.58        48.77     -2742.76    ACTIVE
%     *** WARNING: HINGE COUNT (7) EXCEEDS DEGREE OF STATIC INDETERMINACY (3) — KINEMATIC MECHANISM LIKELY
%
%
%
%     * PLASTIC HINGE   7 FORMED IN ELEMENT   5 NEAR NODE   5 WHEN LOAD FACTOR IS       24.550
%
%     ACTIVE SUPPORT STATUS:
%
%          CUMULATIVE DEFORMATIONS
%                NODE    X-DISP       Y-DISP       ROTN
%                  1      0.00000      0.00000      0.00000
%                  2      0.75204     -0.01396     -0.00758
%                  3     -0.26174      1.41238      0.01020
%                  4     -0.26723      2.67882      0.01786
%                  5     -0.27272      1.12074     -0.00997
%                  6     -0.27820      0.59331     -0.00285
%                  7     -0.72086     -0.01448     -0.00241
%                  8      0.00000      0.00000      0.00000
%
%          CUMULATIVE MOMENTS
%             ELEMENT       END MOMENTS             NODES     PLASTIC MOM   ULTIMATE MOM      P / Py
%                  1        305.56   -2736.32      1 AND  2       2760.00       2732.16    -0.1004
%                  2       2732.77     617.53      2 AND  3       2760.00       2730.32    -0.1037
%                  3       -575.21    2765.00      3 AND  4       2760.00       2746.84    -0.0691
%                  4      -2747.78    2724.50      4 AND  5       2760.00       2746.84    -0.0691
%                  5      -2746.84     358.73      5 AND  6       2760.00       2746.84    -0.0691
%                  6       -384.39   -2728.89      6 AND  7       2760.00       2722.67    -0.1163
%                  7       2731.51    2742.76      7 AND  8       2760.00       2730.07    -0.1041
%
%          CUMULATIVE TENSION FORCES
%             ELEMENT     TENSION
%                  1         -48.21
%                  2         -49.77
%                  3         -33.15
%                  4         -33.15
%                  5         -33.15
%                  6         -55.82
%                  7         -49.99
%
%          REACTIONS AT SUPPORTS
%                NODE       FX           FY           MZ         STATUS
%                  1        14.47        48.21      -305.56    ACTIVE
%                  8       -32.58        49.99     -2742.76    ACTIVE
%
%     *** CUMULATIVE DISPLACEMENT 199.13 EXCEEDS LIMIT 52.80 (0.10 × max frame dimension) IN CYCLE 8
%
%
%     ANALYSIS COMPLETED: A 7-element portal frame with lateral and gravity loads AT LOAD FACTOR 82.573

